[2.215s] Invoking command in '/gobilda_sim/ros_ws/build/gobilda_utilities': PYTHONPATH=/gobilda_sim/ros_ws/build/gobilda_utilities/prefix_override:/usr/lib/python3/dist-packages/colcon_core/task/python/colcon_distutils_commands:/gobilda_sim/ros_ws/install/gobilda_utilities/lib/python3.10/site-packages:${PYTHONPATH} /usr/bin/python3 -W ignore:setup.py install is deprecated setup.py develop --editable --build-directory /gobilda_sim/ros_ws/build/gobilda_utilities/build --no-deps symlink_data
[2.803s] /usr/lib/python3/dist-packages/setuptools/command/easy_install.py:158: EasyInstallDeprecationWarning: easy_install command is deprecated. Use build and pip and other standards-based tools.
[2.806s]   warnings.warn(
[2.811s] running develop
[3.212s] running egg_info
[3.222s] creating gobilda_utilities.egg-info
[3.224s] writing gobilda_utilities.egg-info/PKG-INFO
[3.227s] writing dependency_links to gobilda_utilities.egg-info/dependency_links.txt
[3.247s] writing entry points to gobilda_utilities.egg-info/entry_points.txt
[3.258s] writing requirements to gobilda_utilities.egg-info/requires.txt
[3.274s] writing top-level names to gobilda_utilities.egg-info/top_level.txt
[3.319s] writing manifest file 'gobilda_utilities.egg-info/SOURCES.txt'
[3.325s] reading manifest file 'gobilda_utilities.egg-info/SOURCES.txt'
[3.330s] writing manifest file 'gobilda_utilities.egg-info/SOURCES.txt'
[3.332s] running build_ext
[3.334s] Creating /gobilda_sim/ros_ws/install/gobilda_utilities/lib/python3.10/site-packages/gobilda-utilities.egg-link (link to .)
[3.349s] Installing bump_and_go script to /gobilda_sim/ros_ws/install/gobilda_utilities/lib/gobilda_utilities
[3.350s] 
[3.350s] Installed /gobilda_sim/ros_ws/build/gobilda_utilities
[3.350s] running symlink_data
[3.350s] creating /gobilda_sim/ros_ws/install/gobilda_utilities/share/ament_index
[3.351s] creating /gobilda_sim/ros_ws/install/gobilda_utilities/share/ament_index/resource_index
[3.351s] creating /gobilda_sim/ros_ws/install/gobilda_utilities/share/ament_index/resource_index/packages
[3.351s] symbolically linking /gobilda_sim/ros_ws/build/gobilda_utilities/resource/gobilda_utilities -> /gobilda_sim/ros_ws/install/gobilda_utilities/share/ament_index/resource_index/packages
[3.351s] symbolically linking /gobilda_sim/ros_ws/build/gobilda_utilities/package.xml -> /gobilda_sim/ros_ws/install/gobilda_utilities/share/gobilda_utilities
[3.451s] Invoked command in '/gobilda_sim/ros_ws/build/gobilda_utilities' returned '0': PYTHONPATH=/gobilda_sim/ros_ws/build/gobilda_utilities/prefix_override:/usr/lib/python3/dist-packages/colcon_core/task/python/colcon_distutils_commands:/gobilda_sim/ros_ws/install/gobilda_utilities/lib/python3.10/site-packages:${PYTHONPATH} /usr/bin/python3 -W ignore:setup.py install is deprecated setup.py develop --editable --build-directory /gobilda_sim/ros_ws/build/gobilda_utilities/build --no-deps symlink_data
