[0.005s] Invoking command in '/gobilda_sim/build/ros_gz_example_bringup': AMENT_PREFIX_PATH=/gobilda_sim/install/ros_gz_example_gazebo:/gobilda_sim/install/ros_gz_example_description:${AMENT_PREFIX_PATH} CMAKE_PREFIX_PATH=/gobilda_sim/install/ros_gz_example_gazebo:/gobilda_sim/install/ros_gz_example_description:/opt/ros/humble IGN_GAZEBO_PLUGIN_PATH=/gobilda_sim/install/ros_gz_example_gazebo/lib/ros_gz_example_gazebo IGN_GAZEBO_RESOURCE_PATH=/gobilda_sim/install/ros_gz_example_gazebo/share/ros_gz_example_gazebo/worlds:/gobilda_sim/install/ros_gz_example_description/share/ros_gz_example_description/models /usr/bin/cmake /gobilda_sim/ros_ws/src/ros_gz_project/ros_gz_example_bringup -DAMENT_CMAKE_SYMLINK_INSTALL=1 -DCMAKE_INSTALL_PREFIX=/gobilda_sim/install/ros_gz_example_bringup
[0.054s] -- The C compiler identification is GNU 11.4.0
[0.088s] -- The CXX compiler identification is GNU 11.4.0
[0.092s] -- Detecting C compiler ABI info
[0.140s] -- Detecting C compiler ABI info - done
[0.146s] -- Check for working C compiler: /usr/bin/cc - skipped
[0.146s] -- Detecting C compile features
[0.147s] -- Detecting C compile features - done
[0.149s] -- Detecting CXX compiler ABI info
[0.212s] -- Detecting CXX compiler ABI info - done
[0.219s] -- Check for working CXX compiler: /usr/bin/c++ - skipped
[0.219s] -- Detecting CXX compile features
[0.219s] -- Detecting CXX compile features - done
[0.225s] -- Found ament_cmake: 1.3.10 (/opt/ros/humble/share/ament_cmake/cmake)
[0.315s] -- Found Python3: /usr/bin/python3 (found version "3.10.12") found components: Interpreter 
[0.349s] -- Override CMake install command with custom implementation using symlinks instead of copying resources
[0.429s] -- Found ros_gz_example_description: 0.0.0 (/gobilda_sim/install/ros_gz_example_description/share/ros_gz_example_description/cmake)
[0.430s] -- Found ros_gz_example_gazebo: 0.0.0 (/gobilda_sim/install/ros_gz_example_gazebo/share/ros_gz_example_gazebo/cmake)
[0.434s] -- Found ament_lint_auto: 0.12.11 (/opt/ros/humble/share/ament_lint_auto/cmake)
[0.485s] -- Configuring done
[0.498s] -- Generating done
[0.504s] -- Build files have been written to: /gobilda_sim/build/ros_gz_example_bringup
[0.505s] Invoked command in '/gobilda_sim/build/ros_gz_example_bringup' returned '0': AMENT_PREFIX_PATH=/gobilda_sim/install/ros_gz_example_gazebo:/gobilda_sim/install/ros_gz_example_description:${AMENT_PREFIX_PATH} CMAKE_PREFIX_PATH=/gobilda_sim/install/ros_gz_example_gazebo:/gobilda_sim/install/ros_gz_example_description:/opt/ros/humble IGN_GAZEBO_PLUGIN_PATH=/gobilda_sim/install/ros_gz_example_gazebo/lib/ros_gz_example_gazebo IGN_GAZEBO_RESOURCE_PATH=/gobilda_sim/install/ros_gz_example_gazebo/share/ros_gz_example_gazebo/worlds:/gobilda_sim/install/ros_gz_example_description/share/ros_gz_example_description/models /usr/bin/cmake /gobilda_sim/ros_ws/src/ros_gz_project/ros_gz_example_bringup -DAMENT_CMAKE_SYMLINK_INSTALL=1 -DCMAKE_INSTALL_PREFIX=/gobilda_sim/install/ros_gz_example_bringup
[0.506s] Invoking command in '/gobilda_sim/build/ros_gz_example_bringup': AMENT_PREFIX_PATH=/gobilda_sim/install/ros_gz_example_gazebo:/gobilda_sim/install/ros_gz_example_description:${AMENT_PREFIX_PATH} CMAKE_PREFIX_PATH=/gobilda_sim/install/ros_gz_example_gazebo:/gobilda_sim/install/ros_gz_example_description:/opt/ros/humble IGN_GAZEBO_PLUGIN_PATH=/gobilda_sim/install/ros_gz_example_gazebo/lib/ros_gz_example_gazebo IGN_GAZEBO_RESOURCE_PATH=/gobilda_sim/install/ros_gz_example_gazebo/share/ros_gz_example_gazebo/worlds:/gobilda_sim/install/ros_gz_example_description/share/ros_gz_example_description/models /usr/bin/cmake --build /gobilda_sim/build/ros_gz_example_bringup -- -j8 -l8
[0.524s] Invoked command in '/gobilda_sim/build/ros_gz_example_bringup' returned '0': AMENT_PREFIX_PATH=/gobilda_sim/install/ros_gz_example_gazebo:/gobilda_sim/install/ros_gz_example_description:${AMENT_PREFIX_PATH} CMAKE_PREFIX_PATH=/gobilda_sim/install/ros_gz_example_gazebo:/gobilda_sim/install/ros_gz_example_description:/opt/ros/humble IGN_GAZEBO_PLUGIN_PATH=/gobilda_sim/install/ros_gz_example_gazebo/lib/ros_gz_example_gazebo IGN_GAZEBO_RESOURCE_PATH=/gobilda_sim/install/ros_gz_example_gazebo/share/ros_gz_example_gazebo/worlds:/gobilda_sim/install/ros_gz_example_description/share/ros_gz_example_description/models /usr/bin/cmake --build /gobilda_sim/build/ros_gz_example_bringup -- -j8 -l8
[0.533s] Invoking command in '/gobilda_sim/build/ros_gz_example_bringup': AMENT_PREFIX_PATH=/gobilda_sim/install/ros_gz_example_gazebo:/gobilda_sim/install/ros_gz_example_description:${AMENT_PREFIX_PATH} CMAKE_PREFIX_PATH=/gobilda_sim/install/ros_gz_example_gazebo:/gobilda_sim/install/ros_gz_example_description:/opt/ros/humble IGN_GAZEBO_PLUGIN_PATH=/gobilda_sim/install/ros_gz_example_gazebo/lib/ros_gz_example_gazebo IGN_GAZEBO_RESOURCE_PATH=/gobilda_sim/install/ros_gz_example_gazebo/share/ros_gz_example_gazebo/worlds:/gobilda_sim/install/ros_gz_example_description/share/ros_gz_example_description/models /usr/bin/cmake --install /gobilda_sim/build/ros_gz_example_bringup
[0.536s] -- Install configuration: ""
[0.537s] -- Execute custom install script
[0.538s] -- Symlinking: /gobilda_sim/install/ros_gz_example_bringup/share/ros_gz_example_bringup/launch/diff_drive.launch.py
[0.543s] -- Symlinking: /gobilda_sim/install/ros_gz_example_bringup/share/ros_gz_example_bringup/config/diff_drive.rviz
[0.546s] -- Symlinking: /gobilda_sim/install/ros_gz_example_bringup/share/ros_gz_example_bringup/config/ros_gz_example_bridge.yaml
[0.550s] -- Symlinking: /gobilda_sim/install/ros_gz_example_bringup/share/ament_index/resource_index/package_run_dependencies/ros_gz_example_bringup
[0.554s] -- Symlinking: /gobilda_sim/install/ros_gz_example_bringup/share/ament_index/resource_index/parent_prefix_path/ros_gz_example_bringup
[0.558s] -- Symlinking: /gobilda_sim/install/ros_gz_example_bringup/share/ros_gz_example_bringup/environment/ament_prefix_path.sh
[0.561s] -- Symlinking: /gobilda_sim/install/ros_gz_example_bringup/share/ros_gz_example_bringup/environment/ament_prefix_path.dsv
[0.565s] -- Symlinking: /gobilda_sim/install/ros_gz_example_bringup/share/ros_gz_example_bringup/environment/path.sh
[0.569s] -- Symlinking: /gobilda_sim/install/ros_gz_example_bringup/share/ros_gz_example_bringup/environment/path.dsv
[0.572s] -- Symlinking: /gobilda_sim/install/ros_gz_example_bringup/share/ros_gz_example_bringup/local_setup.bash
[0.576s] -- Symlinking: /gobilda_sim/install/ros_gz_example_bringup/share/ros_gz_example_bringup/local_setup.sh
[0.579s] -- Symlinking: /gobilda_sim/install/ros_gz_example_bringup/share/ros_gz_example_bringup/local_setup.zsh
[0.583s] -- Symlinking: /gobilda_sim/install/ros_gz_example_bringup/share/ros_gz_example_bringup/local_setup.dsv
[0.589s] -- Symlinking: /gobilda_sim/install/ros_gz_example_bringup/share/ros_gz_example_bringup/package.dsv
[0.593s] -- Symlinking: /gobilda_sim/install/ros_gz_example_bringup/share/ament_index/resource_index/packages/ros_gz_example_bringup
[0.597s] -- Symlinking: /gobilda_sim/install/ros_gz_example_bringup/share/ros_gz_example_bringup/cmake/ros_gz_example_bringupConfig.cmake
[0.601s] -- Symlinking: /gobilda_sim/install/ros_gz_example_bringup/share/ros_gz_example_bringup/cmake/ros_gz_example_bringupConfig-version.cmake
[0.604s] -- Symlinking: /gobilda_sim/install/ros_gz_example_bringup/share/ros_gz_example_bringup/package.xml
[0.609s] Invoked command in '/gobilda_sim/build/ros_gz_example_bringup' returned '0': AMENT_PREFIX_PATH=/gobilda_sim/install/ros_gz_example_gazebo:/gobilda_sim/install/ros_gz_example_description:${AMENT_PREFIX_PATH} CMAKE_PREFIX_PATH=/gobilda_sim/install/ros_gz_example_gazebo:/gobilda_sim/install/ros_gz_example_description:/opt/ros/humble IGN_GAZEBO_PLUGIN_PATH=/gobilda_sim/install/ros_gz_example_gazebo/lib/ros_gz_example_gazebo IGN_GAZEBO_RESOURCE_PATH=/gobilda_sim/install/ros_gz_example_gazebo/share/ros_gz_example_gazebo/worlds:/gobilda_sim/install/ros_gz_example_description/share/ros_gz_example_description/models /usr/bin/cmake --install /gobilda_sim/build/ros_gz_example_bringup
