-- The C compiler identification is GNU 11.4.0
-- The CXX compiler identification is GNU 11.4.0
-- Detecting C compiler ABI info
-- Detecting C compiler ABI info - done
-- Check for working C compiler: /usr/bin/cc - skipped
-- Detecting C compile features
-- Detecting C compile features - done
-- Detecting CXX compiler ABI info
-- Detecting CXX compiler ABI info - done
-- Check for working CXX compiler: /usr/bin/c++ - skipped
-- Detecting CXX compile features
-- Detecting CXX compile features - done
-- Found ament_cmake: 1.3.10 (/opt/ros/humble/share/ament_cmake/cmake)
-- Found Python3: /usr/bin/python3 (found version "3.10.12") found components: Interpreter 
-- Override CMake install command with custom implementation using symlinks instead of copying resources
-- Found ament_lint_auto: 0.12.11 (/opt/ros/humble/share/ament_lint_auto/cmake)
-- Configuring done
-- Generating done
-- Build files have been written to: /gobilda_sim/build/ros_gz_example_description
-- Install configuration: ""
-- Execute custom install script
-- Symlinking: /gobilda_sim/install/ros_gz_example_description/share/ros_gz_example_description/models/diff_drive/model.config
-- Symlinking: /gobilda_sim/install/ros_gz_example_description/share/ros_gz_example_description/models/diff_drive/model.sdf
-- Symlinking: /gobilda_sim/install/ros_gz_example_description/share/ros_gz_example_description/environment/ros_gz_example_description.dsv
-- Symlinking: /gobilda_sim/install/ros_gz_example_description/share/ros_gz_example_description/environment/ros_gz_example_description.sh
-- Symlinking: /gobilda_sim/install/ros_gz_example_description/share/ament_index/resource_index/package_run_dependencies/ros_gz_example_description
-- Symlinking: /gobilda_sim/install/ros_gz_example_description/share/ament_index/resource_index/parent_prefix_path/ros_gz_example_description
-- Symlinking: /gobilda_sim/install/ros_gz_example_description/share/ros_gz_example_description/environment/ament_prefix_path.sh
-- Symlinking: /gobilda_sim/install/ros_gz_example_description/share/ros_gz_example_description/environment/ament_prefix_path.dsv
-- Symlinking: /gobilda_sim/install/ros_gz_example_description/share/ros_gz_example_description/environment/path.sh
-- Symlinking: /gobilda_sim/install/ros_gz_example_description/share/ros_gz_example_description/environment/path.dsv
-- Symlinking: /gobilda_sim/install/ros_gz_example_description/share/ros_gz_example_description/local_setup.bash
-- Symlinking: /gobilda_sim/install/ros_gz_example_description/share/ros_gz_example_description/local_setup.sh
-- Symlinking: /gobilda_sim/install/ros_gz_example_description/share/ros_gz_example_description/local_setup.zsh
-- Symlinking: /gobilda_sim/install/ros_gz_example_description/share/ros_gz_example_description/local_setup.dsv
-- Symlinking: /gobilda_sim/install/ros_gz_example_description/share/ros_gz_example_description/package.dsv
-- Symlinking: /gobilda_sim/install/ros_gz_example_description/share/ament_index/resource_index/packages/ros_gz_example_description
-- Symlinking: /gobilda_sim/install/ros_gz_example_description/share/ros_gz_example_description/cmake/ros_gz_example_descriptionConfig.cmake
-- Symlinking: /gobilda_sim/install/ros_gz_example_description/share/ros_gz_example_description/cmake/ros_gz_example_descriptionConfig-version.cmake
-- Symlinking: /gobilda_sim/install/ros_gz_example_description/share/ros_gz_example_description/package.xml
