[0.013s] Invoking command in '/gobilda_sim/build/ros_gz_example_description': CMAKE_PREFIX_PATH=/opt/ros/humble /usr/bin/cmake /gobilda_sim/ros_ws/src/ros_gz_project/ros_gz_example_description -DAMENT_CMAKE_SYMLINK_INSTALL=1 -DCMAKE_INSTALL_PREFIX=/gobilda_sim/install/ros_gz_example_description
[0.241s] -- The C compiler identification is GNU 11.4.0
[0.340s] -- The CXX compiler identification is GNU 11.4.0
[0.348s] -- Detecting C compiler ABI info
[0.415s] -- Detecting C compiler ABI info - done
[0.420s] -- Check for working C compiler: /usr/bin/cc - skipped
[0.421s] -- Detecting C compile features
[0.421s] -- Detecting C compile features - done
[0.424s] -- Detecting CXX compiler ABI info
[0.484s] -- Detecting CXX compiler ABI info - done
[0.490s] -- Check for working CXX compiler: /usr/bin/c++ - skipped
[0.490s] -- Detecting CXX compile features
[0.491s] -- Detecting CXX compile features - done
[0.500s] -- Found ament_cmake: 1.3.10 (/opt/ros/humble/share/ament_cmake/cmake)
[0.564s] -- Found Python3: /usr/bin/python3 (found version "3.10.12") found components: Interpreter 
[0.596s] -- Override CMake install command with custom implementation using symlinks instead of copying resources
[0.617s] -- Found ament_lint_auto: 0.12.11 (/opt/ros/humble/share/ament_lint_auto/cmake)
[0.672s] -- Configuring done
[0.684s] -- Generating done
[0.691s] -- Build files have been written to: /gobilda_sim/build/ros_gz_example_description
[0.692s] Invoked command in '/gobilda_sim/build/ros_gz_example_description' returned '0': CMAKE_PREFIX_PATH=/opt/ros/humble /usr/bin/cmake /gobilda_sim/ros_ws/src/ros_gz_project/ros_gz_example_description -DAMENT_CMAKE_SYMLINK_INSTALL=1 -DCMAKE_INSTALL_PREFIX=/gobilda_sim/install/ros_gz_example_description
[0.693s] Invoking command in '/gobilda_sim/build/ros_gz_example_description': CMAKE_PREFIX_PATH=/opt/ros/humble /usr/bin/cmake --build /gobilda_sim/build/ros_gz_example_description -- -j8 -l8
[0.716s] Invoked command in '/gobilda_sim/build/ros_gz_example_description' returned '0': CMAKE_PREFIX_PATH=/opt/ros/humble /usr/bin/cmake --build /gobilda_sim/build/ros_gz_example_description -- -j8 -l8
[0.730s] Invoking command in '/gobilda_sim/build/ros_gz_example_description': CMAKE_PREFIX_PATH=/opt/ros/humble /usr/bin/cmake --install /gobilda_sim/build/ros_gz_example_description
[0.733s] -- Install configuration: ""
[0.734s] -- Execute custom install script
[0.736s] -- Symlinking: /gobilda_sim/install/ros_gz_example_description/share/ros_gz_example_description/models/diff_drive/model.config
[0.739s] -- Symlinking: /gobilda_sim/install/ros_gz_example_description/share/ros_gz_example_description/models/diff_drive/model.sdf
[0.743s] -- Symlinking: /gobilda_sim/install/ros_gz_example_description/share/ros_gz_example_description/environment/ros_gz_example_description.dsv
[0.747s] -- Symlinking: /gobilda_sim/install/ros_gz_example_description/share/ros_gz_example_description/environment/ros_gz_example_description.sh
[0.751s] -- Symlinking: /gobilda_sim/install/ros_gz_example_description/share/ament_index/resource_index/package_run_dependencies/ros_gz_example_description
[0.755s] -- Symlinking: /gobilda_sim/install/ros_gz_example_description/share/ament_index/resource_index/parent_prefix_path/ros_gz_example_description
[0.758s] -- Symlinking: /gobilda_sim/install/ros_gz_example_description/share/ros_gz_example_description/environment/ament_prefix_path.sh
[0.762s] -- Symlinking: /gobilda_sim/install/ros_gz_example_description/share/ros_gz_example_description/environment/ament_prefix_path.dsv
[0.765s] -- Symlinking: /gobilda_sim/install/ros_gz_example_description/share/ros_gz_example_description/environment/path.sh
[0.769s] -- Symlinking: /gobilda_sim/install/ros_gz_example_description/share/ros_gz_example_description/environment/path.dsv
[0.772s] -- Symlinking: /gobilda_sim/install/ros_gz_example_description/share/ros_gz_example_description/local_setup.bash
[0.776s] -- Symlinking: /gobilda_sim/install/ros_gz_example_description/share/ros_gz_example_description/local_setup.sh
[0.779s] -- Symlinking: /gobilda_sim/install/ros_gz_example_description/share/ros_gz_example_description/local_setup.zsh
[0.783s] -- Symlinking: /gobilda_sim/install/ros_gz_example_description/share/ros_gz_example_description/local_setup.dsv
[0.786s] -- Symlinking: /gobilda_sim/install/ros_gz_example_description/share/ros_gz_example_description/package.dsv
[0.790s] -- Symlinking: /gobilda_sim/install/ros_gz_example_description/share/ament_index/resource_index/packages/ros_gz_example_description
[0.793s] -- Symlinking: /gobilda_sim/install/ros_gz_example_description/share/ros_gz_example_description/cmake/ros_gz_example_descriptionConfig.cmake
[0.797s] -- Symlinking: /gobilda_sim/install/ros_gz_example_description/share/ros_gz_example_description/cmake/ros_gz_example_descriptionConfig-version.cmake
[0.800s] -- Symlinking: /gobilda_sim/install/ros_gz_example_description/share/ros_gz_example_description/package.xml
[0.805s] Invoked command in '/gobilda_sim/build/ros_gz_example_description' returned '0': CMAKE_PREFIX_PATH=/opt/ros/humble /usr/bin/cmake --install /gobilda_sim/build/ros_gz_example_description
