[0.007s] Invoking command in '/gobilda_sim/build/ros_gz_example_gazebo': AMENT_PREFIX_PATH=/gobilda_sim/install/ros_gz_example_description:${AMENT_PREFIX_PATH} CMAKE_PREFIX_PATH=/gobilda_sim/install/ros_gz_example_description:/opt/ros/humble IGN_GAZEBO_RESOURCE_PATH=/gobilda_sim/install/ros_gz_example_description/share/ros_gz_example_description/models /usr/bin/cmake --build /gobilda_sim/build/ros_gz_example_gazebo -- -j8 -l8
[0.052s] [35m[1mConsolidate compiler generated dependencies of target FullSystem[0m
[0.053s] [35m[1mConsolidate compiler generated dependencies of target BasicSystem[0m
[0.151s] [100%] Built target FullSystem
[0.151s] [100%] Built target BasicSystem
[0.156s] Invoked command in '/gobilda_sim/build/ros_gz_example_gazebo' returned '0': AMENT_PREFIX_PATH=/gobilda_sim/install/ros_gz_example_description:${AMENT_PREFIX_PATH} CMAKE_PREFIX_PATH=/gobilda_sim/install/ros_gz_example_description:/opt/ros/humble IGN_GAZEBO_RESOURCE_PATH=/gobilda_sim/install/ros_gz_example_description/share/ros_gz_example_description/models /usr/bin/cmake --build /gobilda_sim/build/ros_gz_example_gazebo -- -j8 -l8
[0.169s] Invoking command in '/gobilda_sim/build/ros_gz_example_gazebo': AMENT_PREFIX_PATH=/gobilda_sim/install/ros_gz_example_description:${AMENT_PREFIX_PATH} CMAKE_PREFIX_PATH=/gobilda_sim/install/ros_gz_example_description:/opt/ros/humble IGN_GAZEBO_RESOURCE_PATH=/gobilda_sim/install/ros_gz_example_description/share/ros_gz_example_description/models /usr/bin/cmake --install /gobilda_sim/build/ros_gz_example_gazebo
[0.173s] -- Install configuration: ""
[0.175s] -- Execute custom install script
[0.176s] -- Up-to-date symlink: /gobilda_sim/install/ros_gz_example_gazebo/lib/ros_gz_example_gazebo/libBasicSystem.so
[0.177s] -- Up-to-date symlink: /gobilda_sim/install/ros_gz_example_gazebo/lib/ros_gz_example_gazebo/libFullSystem.so
[0.178s] -- Up-to-date symlink: /gobilda_sim/install/ros_gz_example_gazebo/share/ros_gz_example_gazebo/worlds/diff_drive.sdf
[0.178s] -- Up-to-date symlink: /gobilda_sim/install/ros_gz_example_gazebo/share/ros_gz_example_gazebo/environment/ros_gz_example_gazebo.dsv
[0.179s] -- Up-to-date symlink: /gobilda_sim/install/ros_gz_example_gazebo/share/ros_gz_example_gazebo/environment/ros_gz_example_gazebo.sh
[0.179s] -- Up-to-date symlink: /gobilda_sim/install/ros_gz_example_gazebo/share/ament_index/resource_index/package_run_dependencies/ros_gz_example_gazebo
[0.180s] -- Up-to-date symlink: /gobilda_sim/install/ros_gz_example_gazebo/share/ament_index/resource_index/parent_prefix_path/ros_gz_example_gazebo
[0.181s] -- Up-to-date symlink: /gobilda_sim/install/ros_gz_example_gazebo/share/ros_gz_example_gazebo/environment/ament_prefix_path.sh
[0.181s] -- Up-to-date symlink: /gobilda_sim/install/ros_gz_example_gazebo/share/ros_gz_example_gazebo/environment/ament_prefix_path.dsv
[0.181s] -- Up-to-date symlink: /gobilda_sim/install/ros_gz_example_gazebo/share/ros_gz_example_gazebo/environment/path.sh
[0.182s] -- Up-to-date symlink: /gobilda_sim/install/ros_gz_example_gazebo/share/ros_gz_example_gazebo/environment/path.dsv
[0.182s] -- Up-to-date symlink: /gobilda_sim/install/ros_gz_example_gazebo/share/ros_gz_example_gazebo/local_setup.bash
[0.183s] -- Up-to-date symlink: /gobilda_sim/install/ros_gz_example_gazebo/share/ros_gz_example_gazebo/local_setup.sh
[0.183s] -- Up-to-date symlink: /gobilda_sim/install/ros_gz_example_gazebo/share/ros_gz_example_gazebo/local_setup.zsh
[0.184s] -- Up-to-date symlink: /gobilda_sim/install/ros_gz_example_gazebo/share/ros_gz_example_gazebo/local_setup.dsv
[0.184s] -- Symlinking: /gobilda_sim/install/ros_gz_example_gazebo/share/ros_gz_example_gazebo/package.dsv
[0.189s] -- Up-to-date symlink: /gobilda_sim/install/ros_gz_example_gazebo/share/ament_index/resource_index/packages/ros_gz_example_gazebo
[0.189s] -- Up-to-date symlink: /gobilda_sim/install/ros_gz_example_gazebo/share/ros_gz_example_gazebo/cmake/ros_gz_example_gazeboConfig.cmake
[0.189s] -- Up-to-date symlink: /gobilda_sim/install/ros_gz_example_gazebo/share/ros_gz_example_gazebo/cmake/ros_gz_example_gazeboConfig-version.cmake
[0.190s] -- Up-to-date symlink: /gobilda_sim/install/ros_gz_example_gazebo/share/ros_gz_example_gazebo/package.xml
[0.191s] Invoked command in '/gobilda_sim/build/ros_gz_example_gazebo' returned '0': AMENT_PREFIX_PATH=/gobilda_sim/install/ros_gz_example_description:${AMENT_PREFIX_PATH} CMAKE_PREFIX_PATH=/gobilda_sim/install/ros_gz_example_description:/opt/ros/humble IGN_GAZEBO_RESOURCE_PATH=/gobilda_sim/install/ros_gz_example_description/share/ros_gz_example_description/models /usr/bin/cmake --install /gobilda_sim/build/ros_gz_example_gazebo
