[0.007s] Invoking command in '/gobilda_sim/build/ros_gz_example_bringup': AMENT_PREFIX_PATH=/gobilda_sim/install/ros_gz_example_gazebo:/gobilda_sim/install/ros_gz_example_description:${AMENT_PREFIX_PATH} CMAKE_PREFIX_PATH=/gobilda_sim/install/ros_gz_example_gazebo:/gobilda_sim/install/ros_gz_example_description:/opt/ros/humble IGN_GAZEBO_PLUGIN_PATH=/gobilda_sim/install/ros_gz_example_gazebo/lib/ros_gz_example_gazebo IGN_GAZEBO_RESOURCE_PATH=/gobilda_sim/install/ros_gz_example_gazebo/share/ros_gz_example_gazebo/worlds:/gobilda_sim/install/ros_gz_example_description/share/ros_gz_example_description/models /usr/bin/cmake --build /gobilda_sim/build/ros_gz_example_bringup -- -j8 -l8
[0.026s] Invoked command in '/gobilda_sim/build/ros_gz_example_bringup' returned '0': AMENT_PREFIX_PATH=/gobilda_sim/install/ros_gz_example_gazebo:/gobilda_sim/install/ros_gz_example_description:${AMENT_PREFIX_PATH} CMAKE_PREFIX_PATH=/gobilda_sim/install/ros_gz_example_gazebo:/gobilda_sim/install/ros_gz_example_description:/opt/ros/humble IGN_GAZEBO_PLUGIN_PATH=/gobilda_sim/install/ros_gz_example_gazebo/lib/ros_gz_example_gazebo IGN_GAZEBO_RESOURCE_PATH=/gobilda_sim/install/ros_gz_example_gazebo/share/ros_gz_example_gazebo/worlds:/gobilda_sim/install/ros_gz_example_description/share/ros_gz_example_description/models /usr/bin/cmake --build /gobilda_sim/build/ros_gz_example_bringup -- -j8 -l8
[0.036s] Invoking command in '/gobilda_sim/build/ros_gz_example_bringup': AMENT_PREFIX_PATH=/gobilda_sim/install/ros_gz_example_gazebo:/gobilda_sim/install/ros_gz_example_description:${AMENT_PREFIX_PATH} CMAKE_PREFIX_PATH=/gobilda_sim/install/ros_gz_example_gazebo:/gobilda_sim/install/ros_gz_example_description:/opt/ros/humble IGN_GAZEBO_PLUGIN_PATH=/gobilda_sim/install/ros_gz_example_gazebo/lib/ros_gz_example_gazebo IGN_GAZEBO_RESOURCE_PATH=/gobilda_sim/install/ros_gz_example_gazebo/share/ros_gz_example_gazebo/worlds:/gobilda_sim/install/ros_gz_example_description/share/ros_gz_example_description/models /usr/bin/cmake --install /gobilda_sim/build/ros_gz_example_bringup
[0.039s] -- Install configuration: ""
[0.041s] -- Execute custom install script
[0.041s] -- Up-to-date symlink: /gobilda_sim/install/ros_gz_example_bringup/share/ros_gz_example_bringup/launch/diff_drive.launch.py
[0.042s] -- Up-to-date symlink: /gobilda_sim/install/ros_gz_example_bringup/share/ros_gz_example_bringup/config/diff_drive.rviz
[0.043s] -- Up-to-date symlink: /gobilda_sim/install/ros_gz_example_bringup/share/ros_gz_example_bringup/config/ros_gz_example_bridge.yaml
[0.043s] -- Up-to-date symlink: /gobilda_sim/install/ros_gz_example_bringup/share/ament_index/resource_index/package_run_dependencies/ros_gz_example_bringup
[0.044s] -- Up-to-date symlink: /gobilda_sim/install/ros_gz_example_bringup/share/ament_index/resource_index/parent_prefix_path/ros_gz_example_bringup
[0.044s] -- Up-to-date symlink: /gobilda_sim/install/ros_gz_example_bringup/share/ros_gz_example_bringup/environment/ament_prefix_path.sh
[0.044s] -- Up-to-date symlink: /gobilda_sim/install/ros_gz_example_bringup/share/ros_gz_example_bringup/environment/ament_prefix_path.dsv
[0.045s] -- Up-to-date symlink: /gobilda_sim/install/ros_gz_example_bringup/share/ros_gz_example_bringup/environment/path.sh
[0.045s] -- Up-to-date symlink: /gobilda_sim/install/ros_gz_example_bringup/share/ros_gz_example_bringup/environment/path.dsv
[0.045s] -- Up-to-date symlink: /gobilda_sim/install/ros_gz_example_bringup/share/ros_gz_example_bringup/local_setup.bash
[0.045s] -- Up-to-date symlink: /gobilda_sim/install/ros_gz_example_bringup/share/ros_gz_example_bringup/local_setup.sh
[0.046s] -- Up-to-date symlink: /gobilda_sim/install/ros_gz_example_bringup/share/ros_gz_example_bringup/local_setup.zsh
[0.046s] -- Up-to-date symlink: /gobilda_sim/install/ros_gz_example_bringup/share/ros_gz_example_bringup/local_setup.dsv
[0.047s] -- Symlinking: /gobilda_sim/install/ros_gz_example_bringup/share/ros_gz_example_bringup/package.dsv
[0.051s] -- Up-to-date symlink: /gobilda_sim/install/ros_gz_example_bringup/share/ament_index/resource_index/packages/ros_gz_example_bringup
[0.051s] -- Up-to-date symlink: /gobilda_sim/install/ros_gz_example_bringup/share/ros_gz_example_bringup/cmake/ros_gz_example_bringupConfig.cmake
[0.051s] -- Up-to-date symlink: /gobilda_sim/install/ros_gz_example_bringup/share/ros_gz_example_bringup/cmake/ros_gz_example_bringupConfig-version.cmake
[0.052s] -- Up-to-date symlink: /gobilda_sim/install/ros_gz_example_bringup/share/ros_gz_example_bringup/package.xml
[0.053s] Invoked command in '/gobilda_sim/build/ros_gz_example_bringup' returned '0': AMENT_PREFIX_PATH=/gobilda_sim/install/ros_gz_example_gazebo:/gobilda_sim/install/ros_gz_example_description:${AMENT_PREFIX_PATH} CMAKE_PREFIX_PATH=/gobilda_sim/install/ros_gz_example_gazebo:/gobilda_sim/install/ros_gz_example_description:/opt/ros/humble IGN_GAZEBO_PLUGIN_PATH=/gobilda_sim/install/ros_gz_example_gazebo/lib/ros_gz_example_gazebo IGN_GAZEBO_RESOURCE_PATH=/gobilda_sim/install/ros_gz_example_gazebo/share/ros_gz_example_gazebo/worlds:/gobilda_sim/install/ros_gz_example_description/share/ros_gz_example_description/models /usr/bin/cmake --install /gobilda_sim/build/ros_gz_example_bringup
