[0.453s] DEBUG:colcon:Command line arguments: ['/usr/bin/colcon', 'build', '--symlink-install', '--packages-select', 'gobilda_utilities']
[0.454s] DEBUG:colcon:Parsed command line arguments: Namespace(log_base=None, log_level=None, verb_name='build', build_base='build', install_base='install', merge_install=False, symlink_install=True, test_result_base=None, continue_on_error=False, executor='parallel', parallel_workers=8, event_handlers=None, ignore_user_meta=False, metas=['./colcon.meta'], base_paths=['.'], packages_ignore=None, packages_ignore_regex=None, paths=None, packages_up_to=None, packages_up_to_regex=None, packages_above=None, packages_above_and_dependencies=None, packages_above_depth=None, packages_select_by_dep=None, packages_skip_by_dep=None, packages_skip_up_to=None, packages_select_build_failed=False, packages_skip_build_finished=False, packages_select_test_failures=False, packages_skip_test_passed=False, packages_select=['gobilda_utilities'], packages_skip=None, packages_select_regex=None, packages_skip_regex=None, packages_start=None, packages_end=None, cmake_args=None, cmake_target=None, cmake_target_skip_unavailable=False, cmake_clean_cache=False, cmake_clean_first=False, cmake_force_configure=False, ament_cmake_args=None, catkin_cmake_args=None, catkin_skip_building_tests=False, mixin_files=None, mixin=None, verb_parser=<colcon_mixin.mixin.mixin_argument.MixinArgumentDecorator object at 0xffffb4633f40>, verb_extension=<colcon_core.verb.build.BuildVerb object at 0xffffb47a8610>, main=<bound method BuildVerb.main of <colcon_core.verb.build.BuildVerb object at 0xffffb47a8610>>, mixin_verb=('build',))
[0.949s] Level 1:colcon.colcon_core.package_discovery:discover_packages(colcon_meta) check parameters
[0.959s] INFO:colcon.colcon_metadata.package_discovery.colcon_meta:Using configuration from '/root/.colcon/metadata/default/Gazebo.meta'
[0.960s] INFO:colcon.colcon_metadata.package_discovery.colcon_meta:Using configuration from '/root/.colcon/metadata/default/fastrtps.meta'
[0.994s] Level 1:colcon.colcon_core.package_discovery:discover_packages(recursive) check parameters
[1.001s] Level 1:colcon.colcon_core.package_discovery:discover_packages(ignore) check parameters
[1.003s] Level 1:colcon.colcon_core.package_discovery:discover_packages(path) check parameters
[1.004s] Level 1:colcon.colcon_core.package_discovery:discover_packages(colcon_meta) discover
[1.014s] Level 1:colcon.colcon_core.package_discovery:discover_packages(recursive) discover
[1.015s] INFO:colcon.colcon_core.package_discovery:Crawling recursively for packages in '/gobilda_sim/ros_ws'
[1.019s] Level 1:colcon.colcon_core.package_identification:_identify(.) by extensions ['ignore', 'ignore_ament_install']
[1.019s] Level 1:colcon.colcon_core.package_identification:_identify(.) by extension 'ignore'
[1.020s] Level 1:colcon.colcon_core.package_identification:_identify(.) by extension 'ignore_ament_install'
[1.026s] Level 1:colcon.colcon_core.package_identification:_identify(.) by extensions ['colcon_pkg']
[1.026s] Level 1:colcon.colcon_core.package_identification:_identify(.) by extension 'colcon_pkg'
[1.045s] Level 1:colcon.colcon_core.package_identification:_identify(.) by extensions ['colcon_meta']
[1.053s] Level 1:colcon.colcon_core.package_identification:_identify(.) by extension 'colcon_meta'
[1.054s] Level 1:colcon.colcon_core.package_identification:_identify(.) by extensions ['ros']
[1.054s] Level 1:colcon.colcon_core.package_identification:_identify(.) by extension 'ros'
[1.326s] Level 1:colcon.colcon_core.package_identification:_identify(.) by extensions ['cmake', 'python']
[1.326s] Level 1:colcon.colcon_core.package_identification:_identify(.) by extension 'cmake'
[1.327s] Level 1:colcon.colcon_core.package_identification:_identify(.) by extension 'python'
[1.327s] Level 1:colcon.colcon_core.package_identification:_identify(.) by extensions ['python_setup_py']
[1.327s] Level 1:colcon.colcon_core.package_identification:_identify(.) by extension 'python_setup_py'
[1.329s] Level 1:colcon.colcon_core.package_identification:_identify(build) by extensions ['ignore', 'ignore_ament_install']
[1.330s] Level 1:colcon.colcon_core.package_identification:_identify(build) by extension 'ignore'
[1.336s] Level 1:colcon.colcon_core.package_identification:_identify(build) ignored
[1.343s] Level 1:colcon.colcon_core.package_identification:_identify(install) by extensions ['ignore', 'ignore_ament_install']
[1.343s] Level 1:colcon.colcon_core.package_identification:_identify(install) by extension 'ignore'
[1.344s] Level 1:colcon.colcon_core.package_identification:_identify(install) ignored
[1.345s] Level 1:colcon.colcon_core.package_identification:_identify(log) by extensions ['ignore', 'ignore_ament_install']
[1.345s] Level 1:colcon.colcon_core.package_identification:_identify(log) by extension 'ignore'
[1.346s] Level 1:colcon.colcon_core.package_identification:_identify(log) ignored
[1.347s] Level 1:colcon.colcon_core.package_identification:_identify(src) by extensions ['ignore', 'ignore_ament_install']
[1.347s] Level 1:colcon.colcon_core.package_identification:_identify(src) by extension 'ignore'
[1.347s] Level 1:colcon.colcon_core.package_identification:_identify(src) by extension 'ignore_ament_install'
[1.348s] Level 1:colcon.colcon_core.package_identification:_identify(src) by extensions ['colcon_pkg']
[1.348s] Level 1:colcon.colcon_core.package_identification:_identify(src) by extension 'colcon_pkg'
[1.348s] Level 1:colcon.colcon_core.package_identification:_identify(src) by extensions ['colcon_meta']
[1.348s] Level 1:colcon.colcon_core.package_identification:_identify(src) by extension 'colcon_meta'
[1.348s] Level 1:colcon.colcon_core.package_identification:_identify(src) by extensions ['ros']
[1.348s] Level 1:colcon.colcon_core.package_identification:_identify(src) by extension 'ros'
[1.350s] Level 1:colcon.colcon_core.package_identification:_identify(src) by extensions ['cmake', 'python']
[1.350s] Level 1:colcon.colcon_core.package_identification:_identify(src) by extension 'cmake'
[1.351s] Level 1:colcon.colcon_core.package_identification:_identify(src) by extension 'python'
[1.352s] Level 1:colcon.colcon_core.package_identification:_identify(src) by extensions ['python_setup_py']
[1.352s] Level 1:colcon.colcon_core.package_identification:_identify(src) by extension 'python_setup_py'
[1.360s] Level 1:colcon.colcon_core.package_identification:_identify(src/gobilda_utilities) by extensions ['ignore', 'ignore_ament_install']
[1.360s] Level 1:colcon.colcon_core.package_identification:_identify(src/gobilda_utilities) by extension 'ignore'
[1.360s] Level 1:colcon.colcon_core.package_identification:_identify(src/gobilda_utilities) by extension 'ignore_ament_install'
[1.360s] Level 1:colcon.colcon_core.package_identification:_identify(src/gobilda_utilities) by extensions ['colcon_pkg']
[1.361s] Level 1:colcon.colcon_core.package_identification:_identify(src/gobilda_utilities) by extension 'colcon_pkg'
[1.361s] Level 1:colcon.colcon_core.package_identification:_identify(src/gobilda_utilities) by extensions ['colcon_meta']
[1.361s] Level 1:colcon.colcon_core.package_identification:_identify(src/gobilda_utilities) by extension 'colcon_meta'
[1.361s] Level 1:colcon.colcon_core.package_identification:_identify(src/gobilda_utilities) by extensions ['ros']
[1.361s] Level 1:colcon.colcon_core.package_identification:_identify(src/gobilda_utilities) by extension 'ros'
[1.376s] DEBUG:colcon.colcon_core.package_identification:Package 'src/gobilda_utilities' with type 'ros.ament_python' and name 'gobilda_utilities'
[1.378s] Level 1:colcon.colcon_core.package_identification:_identify(src/ros_gz_project) by extensions ['ignore', 'ignore_ament_install']
[1.378s] Level 1:colcon.colcon_core.package_identification:_identify(src/ros_gz_project) by extension 'ignore'
[1.378s] Level 1:colcon.colcon_core.package_identification:_identify(src/ros_gz_project) by extension 'ignore_ament_install'
[1.379s] Level 1:colcon.colcon_core.package_identification:_identify(src/ros_gz_project) by extensions ['colcon_pkg']
[1.379s] Level 1:colcon.colcon_core.package_identification:_identify(src/ros_gz_project) by extension 'colcon_pkg'
[1.379s] Level 1:colcon.colcon_core.package_identification:_identify(src/ros_gz_project) by extensions ['colcon_meta']
[1.379s] Level 1:colcon.colcon_core.package_identification:_identify(src/ros_gz_project) by extension 'colcon_meta'
[1.379s] Level 1:colcon.colcon_core.package_identification:_identify(src/ros_gz_project) by extensions ['ros']
[1.379s] Level 1:colcon.colcon_core.package_identification:_identify(src/ros_gz_project) by extension 'ros'
[1.380s] Level 1:colcon.colcon_core.package_identification:_identify(src/ros_gz_project) by extensions ['cmake', 'python']
[1.380s] Level 1:colcon.colcon_core.package_identification:_identify(src/ros_gz_project) by extension 'cmake'
[1.381s] Level 1:colcon.colcon_core.package_identification:_identify(src/ros_gz_project) by extension 'python'
[1.381s] Level 1:colcon.colcon_core.package_identification:_identify(src/ros_gz_project) by extensions ['python_setup_py']
[1.381s] Level 1:colcon.colcon_core.package_identification:_identify(src/ros_gz_project) by extension 'python_setup_py'
[1.386s] Level 1:colcon.colcon_core.package_identification:_identify(src/ros_gz_project/ros_gz_example_bringup) by extensions ['ignore', 'ignore_ament_install']
[1.389s] Level 1:colcon.colcon_core.package_identification:_identify(src/ros_gz_project/ros_gz_example_bringup) by extension 'ignore'
[1.394s] Level 1:colcon.colcon_core.package_identification:_identify(src/ros_gz_project/ros_gz_example_bringup) by extension 'ignore_ament_install'
[1.395s] Level 1:colcon.colcon_core.package_identification:_identify(src/ros_gz_project/ros_gz_example_bringup) by extensions ['colcon_pkg']
[1.396s] Level 1:colcon.colcon_core.package_identification:_identify(src/ros_gz_project/ros_gz_example_bringup) by extension 'colcon_pkg'
[1.397s] Level 1:colcon.colcon_core.package_identification:_identify(src/ros_gz_project/ros_gz_example_bringup) by extensions ['colcon_meta']
[1.398s] Level 1:colcon.colcon_core.package_identification:_identify(src/ros_gz_project/ros_gz_example_bringup) by extension 'colcon_meta'
[1.398s] Level 1:colcon.colcon_core.package_identification:_identify(src/ros_gz_project/ros_gz_example_bringup) by extensions ['ros']
[1.401s] Level 1:colcon.colcon_core.package_identification:_identify(src/ros_gz_project/ros_gz_example_bringup) by extension 'ros'
[1.422s] DEBUG:colcon.colcon_core.package_identification:Package 'src/ros_gz_project/ros_gz_example_bringup' with type 'ros.ament_cmake' and name 'ros_gz_example_bringup'
[1.431s] Level 1:colcon.colcon_core.package_identification:_identify(src/ros_gz_project/ros_gz_example_description) by extensions ['ignore', 'ignore_ament_install']
[1.431s] Level 1:colcon.colcon_core.package_identification:_identify(src/ros_gz_project/ros_gz_example_description) by extension 'ignore'
[1.431s] Level 1:colcon.colcon_core.package_identification:_identify(src/ros_gz_project/ros_gz_example_description) by extension 'ignore_ament_install'
[1.431s] Level 1:colcon.colcon_core.package_identification:_identify(src/ros_gz_project/ros_gz_example_description) by extensions ['colcon_pkg']
[1.431s] Level 1:colcon.colcon_core.package_identification:_identify(src/ros_gz_project/ros_gz_example_description) by extension 'colcon_pkg'
[1.432s] Level 1:colcon.colcon_core.package_identification:_identify(src/ros_gz_project/ros_gz_example_description) by extensions ['colcon_meta']
[1.432s] Level 1:colcon.colcon_core.package_identification:_identify(src/ros_gz_project/ros_gz_example_description) by extension 'colcon_meta'
[1.432s] Level 1:colcon.colcon_core.package_identification:_identify(src/ros_gz_project/ros_gz_example_description) by extensions ['ros']
[1.432s] Level 1:colcon.colcon_core.package_identification:_identify(src/ros_gz_project/ros_gz_example_description) by extension 'ros'
[1.439s] DEBUG:colcon.colcon_core.package_identification:Package 'src/ros_gz_project/ros_gz_example_description' with type 'ros.ament_cmake' and name 'ros_gz_example_description'
[1.442s] Level 1:colcon.colcon_core.package_identification:_identify(src/ros_gz_project/ros_gz_example_gazebo) by extensions ['ignore', 'ignore_ament_install']
[1.443s] Level 1:colcon.colcon_core.package_identification:_identify(src/ros_gz_project/ros_gz_example_gazebo) by extension 'ignore'
[1.443s] Level 1:colcon.colcon_core.package_identification:_identify(src/ros_gz_project/ros_gz_example_gazebo) by extension 'ignore_ament_install'
[1.453s] Level 1:colcon.colcon_core.package_identification:_identify(src/ros_gz_project/ros_gz_example_gazebo) by extensions ['colcon_pkg']
[1.454s] Level 1:colcon.colcon_core.package_identification:_identify(src/ros_gz_project/ros_gz_example_gazebo) by extension 'colcon_pkg'
[1.454s] Level 1:colcon.colcon_core.package_identification:_identify(src/ros_gz_project/ros_gz_example_gazebo) by extensions ['colcon_meta']
[1.454s] Level 1:colcon.colcon_core.package_identification:_identify(src/ros_gz_project/ros_gz_example_gazebo) by extension 'colcon_meta'
[1.454s] Level 1:colcon.colcon_core.package_identification:_identify(src/ros_gz_project/ros_gz_example_gazebo) by extensions ['ros']
[1.454s] Level 1:colcon.colcon_core.package_identification:_identify(src/ros_gz_project/ros_gz_example_gazebo) by extension 'ros'
[1.456s] DEBUG:colcon.colcon_core.package_identification:Package 'src/ros_gz_project/ros_gz_example_gazebo' with type 'ros.ament_cmake' and name 'ros_gz_example_gazebo'
[1.456s] Level 1:colcon.colcon_core.package_discovery:discover_packages(recursive) using defaults
[1.457s] Level 1:colcon.colcon_core.package_discovery:discover_packages(ignore) discover
[1.457s] Level 1:colcon.colcon_core.package_discovery:discover_packages(ignore) using defaults
[1.457s] Level 1:colcon.colcon_core.package_discovery:discover_packages(path) discover
[1.457s] Level 1:colcon.colcon_core.package_discovery:discover_packages(path) using defaults
[1.512s] INFO:colcon.colcon_core.package_selection:Skipping not selected package 'ros_gz_example_description' in 'src/ros_gz_project/ros_gz_example_description'
[1.512s] INFO:colcon.colcon_core.package_selection:Skipping not selected package 'ros_gz_example_gazebo' in 'src/ros_gz_project/ros_gz_example_gazebo'
[1.512s] INFO:colcon.colcon_core.package_selection:Skipping not selected package 'ros_gz_example_bringup' in 'src/ros_gz_project/ros_gz_example_bringup'
[1.513s] Level 5:colcon.colcon_core.verb:set package 'gobilda_utilities' build argument 'cmake_args' from command line to 'None'
[1.513s] Level 5:colcon.colcon_core.verb:set package 'gobilda_utilities' build argument 'cmake_target' from command line to 'None'
[1.513s] Level 5:colcon.colcon_core.verb:set package 'gobilda_utilities' build argument 'cmake_target_skip_unavailable' from command line to 'False'
[1.513s] Level 5:colcon.colcon_core.verb:set package 'gobilda_utilities' build argument 'cmake_clean_cache' from command line to 'False'
[1.513s] Level 5:colcon.colcon_core.verb:set package 'gobilda_utilities' build argument 'cmake_clean_first' from command line to 'False'
[1.513s] Level 5:colcon.colcon_core.verb:set package 'gobilda_utilities' build argument 'cmake_force_configure' from command line to 'False'
[1.513s] Level 5:colcon.colcon_core.verb:set package 'gobilda_utilities' build argument 'ament_cmake_args' from command line to 'None'
[1.513s] Level 5:colcon.colcon_core.verb:set package 'gobilda_utilities' build argument 'catkin_cmake_args' from command line to 'None'
[1.513s] Level 5:colcon.colcon_core.verb:set package 'gobilda_utilities' build argument 'catkin_skip_building_tests' from command line to 'False'
[1.513s] DEBUG:colcon.colcon_core.verb:Building package 'gobilda_utilities' with the following arguments: {'ament_cmake_args': None, 'build_base': '/gobilda_sim/ros_ws/build/gobilda_utilities', 'catkin_cmake_args': None, 'catkin_skip_building_tests': False, 'cmake_args': None, 'cmake_clean_cache': False, 'cmake_clean_first': False, 'cmake_force_configure': False, 'cmake_target': None, 'cmake_target_skip_unavailable': False, 'install_base': '/gobilda_sim/ros_ws/install/gobilda_utilities', 'merge_install': False, 'path': '/gobilda_sim/ros_ws/src/gobilda_utilities', 'symlink_install': True, 'test_result_base': None}
[1.514s] INFO:colcon.colcon_core.executor:Executing jobs using 'parallel' executor
[1.516s] DEBUG:colcon.colcon_parallel_executor.executor.parallel:run_until_complete
[1.517s] INFO:colcon.colcon_ros.task.ament_python.build:Building ROS package in '/gobilda_sim/ros_ws/src/gobilda_utilities' with build type 'ament_python'
[1.517s] Level 1:colcon.colcon_core.shell:create_environment_hook('gobilda_utilities', 'ament_prefix_path')
[1.520s] INFO:colcon.colcon_core.plugin_system:Skipping extension 'colcon_core.shell.bat': Not used on non-Windows systems
[1.521s] INFO:colcon.colcon_core.shell:Creating environment hook '/gobilda_sim/ros_ws/install/gobilda_utilities/share/gobilda_utilities/hook/ament_prefix_path.ps1'
[1.534s] INFO:colcon.colcon_core.shell:Creating environment descriptor '/gobilda_sim/ros_ws/install/gobilda_utilities/share/gobilda_utilities/hook/ament_prefix_path.dsv'
[1.535s] INFO:colcon.colcon_core.shell:Creating environment hook '/gobilda_sim/ros_ws/install/gobilda_utilities/share/gobilda_utilities/hook/ament_prefix_path.sh'
[1.542s] INFO:colcon.colcon_core.shell:Skip shell extension 'powershell' for command environment: Not usable outside of PowerShell
[1.543s] DEBUG:colcon.colcon_core.shell:Skip shell extension 'dsv' for command environment
[2.874s] INFO:colcon.colcon_core.task.python.build:Building Python package in '/gobilda_sim/ros_ws/src/gobilda_utilities'
[2.875s] INFO:colcon.colcon_core.shell:Skip shell extension 'powershell' for command environment: Not usable outside of PowerShell
[2.875s] DEBUG:colcon.colcon_core.shell:Skip shell extension 'dsv' for command environment
[4.487s] DEBUG:colcon.colcon_core.event_handler.log_command:Invoking command in '/gobilda_sim/ros_ws/build/gobilda_utilities': PYTHONPATH=/gobilda_sim/ros_ws/build/gobilda_utilities/prefix_override:/usr/lib/python3/dist-packages/colcon_core/task/python/colcon_distutils_commands:/gobilda_sim/ros_ws/install/gobilda_utilities/lib/python3.10/site-packages:${PYTHONPATH} /usr/bin/python3 -W ignore:setup.py install is deprecated setup.py develop --editable --build-directory /gobilda_sim/ros_ws/build/gobilda_utilities/build --no-deps symlink_data
[11.540s] Level 1:colcon.colcon_core.shell:create_environment_hook('gobilda_utilities', 'pythonpath_develop')
[11.588s] INFO:colcon.colcon_core.shell:Creating environment hook '/gobilda_sim/ros_ws/build/gobilda_utilities/share/gobilda_utilities/hook/pythonpath_develop.ps1'
[11.605s] DEBUG:colcon.colcon_core.event_handler.log_command:Invoked command in '/gobilda_sim/ros_ws/build/gobilda_utilities' returned '0': PYTHONPATH=/gobilda_sim/ros_ws/build/gobilda_utilities/prefix_override:/usr/lib/python3/dist-packages/colcon_core/task/python/colcon_distutils_commands:/gobilda_sim/ros_ws/install/gobilda_utilities/lib/python3.10/site-packages:${PYTHONPATH} /usr/bin/python3 -W ignore:setup.py install is deprecated setup.py develop --editable --build-directory /gobilda_sim/ros_ws/build/gobilda_utilities/build --no-deps symlink_data
[11.625s] INFO:colcon.colcon_core.shell:Creating environment descriptor '/gobilda_sim/ros_ws/build/gobilda_utilities/share/gobilda_utilities/hook/pythonpath_develop.dsv'
[11.632s] INFO:colcon.colcon_core.shell:Creating environment hook '/gobilda_sim/ros_ws/build/gobilda_utilities/share/gobilda_utilities/hook/pythonpath_develop.sh'
[11.856s] Level 1:colcon.colcon_core.environment:checking '/gobilda_sim/ros_ws/install/gobilda_utilities' for CMake module files
[11.876s] Level 1:colcon.colcon_core.environment:checking '/gobilda_sim/ros_ws/install/gobilda_utilities' for CMake config files
[11.907s] Level 1:colcon.colcon_core.environment:checking '/gobilda_sim/ros_ws/install/gobilda_utilities/lib'
[11.908s] Level 1:colcon.colcon_core.environment:checking '/gobilda_sim/ros_ws/install/gobilda_utilities/bin'
[11.908s] Level 1:colcon.colcon_core.environment:checking '/gobilda_sim/ros_ws/install/gobilda_utilities/lib/pkgconfig/gobilda_utilities.pc'
[11.909s] Level 1:colcon.colcon_core.environment:checking '/gobilda_sim/ros_ws/install/gobilda_utilities/lib/python3.10/site-packages'
[11.910s] Level 1:colcon.colcon_core.shell:create_environment_hook('gobilda_utilities', 'pythonpath')
[11.910s] INFO:colcon.colcon_core.shell:Creating environment hook '/gobilda_sim/ros_ws/install/gobilda_utilities/share/gobilda_utilities/hook/pythonpath.ps1'
[11.912s] INFO:colcon.colcon_core.shell:Creating environment descriptor '/gobilda_sim/ros_ws/install/gobilda_utilities/share/gobilda_utilities/hook/pythonpath.dsv'
[11.913s] INFO:colcon.colcon_core.shell:Creating environment hook '/gobilda_sim/ros_ws/install/gobilda_utilities/share/gobilda_utilities/hook/pythonpath.sh'
[11.919s] Level 1:colcon.colcon_core.environment:checking '/gobilda_sim/ros_ws/install/gobilda_utilities/bin'
[11.926s] Level 1:colcon.colcon_core.environment:create_environment_scripts_only(gobilda_utilities)
[11.928s] INFO:colcon.colcon_core.shell:Creating package script '/gobilda_sim/ros_ws/install/gobilda_utilities/share/gobilda_utilities/package.ps1'
[11.977s] INFO:colcon.colcon_core.shell:Creating package descriptor '/gobilda_sim/ros_ws/install/gobilda_utilities/share/gobilda_utilities/package.dsv'
[12.021s] INFO:colcon.colcon_core.shell:Creating package script '/gobilda_sim/ros_ws/install/gobilda_utilities/share/gobilda_utilities/package.sh'
[12.048s] INFO:colcon.colcon_core.shell:Creating package script '/gobilda_sim/ros_ws/install/gobilda_utilities/share/gobilda_utilities/package.bash'
[12.117s] INFO:colcon.colcon_core.shell:Creating package script '/gobilda_sim/ros_ws/install/gobilda_utilities/share/gobilda_utilities/package.zsh'
[12.121s] Level 1:colcon.colcon_core.environment:create_file_with_runtime_dependencies(/gobilda_sim/ros_ws/install/gobilda_utilities/share/colcon-core/packages/gobilda_utilities)
[12.125s] DEBUG:colcon.colcon_parallel_executor.executor.parallel:closing loop
[12.126s] DEBUG:colcon.colcon_parallel_executor.executor.parallel:loop closed
[12.126s] DEBUG:colcon.colcon_parallel_executor.executor.parallel:run_until_complete finished with '0'
[12.127s] DEBUG:colcon.colcon_core.event_reactor:joining thread
[12.200s] INFO:colcon.colcon_core.plugin_system:Skipping extension 'colcon_notification.desktop_notification.notify_send': Could not find 'notify-send'
[12.204s] INFO:colcon.colcon_core.plugin_system:Skipping extension 'colcon_notification.desktop_notification.terminal_notifier': Not used on non-Darwin systems
[12.204s] INFO:colcon.colcon_core.plugin_system:Skipping extension 'colcon_notification.desktop_notification.win32': Not used on non-Windows systems
[12.204s] INFO:colcon.colcon_notification.desktop_notification:Sending desktop notification using 'notify2'
[12.225s] DEBUG:colcon.colcon_notification.desktop_notification.notify2:Failed to initialize notify2: org.freedesktop.DBus.Error.Spawn.ExecFailed: /usr/bin/dbus-launch terminated abnormally without any error message
[12.225s] DEBUG:colcon.colcon_core.event_reactor:joined thread
[12.227s] INFO:colcon.colcon_core.shell:Creating prefix script '/gobilda_sim/ros_ws/install/local_setup.ps1'
[12.243s] INFO:colcon.colcon_core.shell:Creating prefix util module '/gobilda_sim/ros_ws/install/_local_setup_util_ps1.py'
[12.250s] INFO:colcon.colcon_core.shell:Creating prefix chain script '/gobilda_sim/ros_ws/install/setup.ps1'
[12.264s] INFO:colcon.colcon_core.shell:Creating prefix script '/gobilda_sim/ros_ws/install/local_setup.sh'
[12.266s] INFO:colcon.colcon_core.shell:Creating prefix util module '/gobilda_sim/ros_ws/install/_local_setup_util_sh.py'
[12.269s] INFO:colcon.colcon_core.shell:Creating prefix chain script '/gobilda_sim/ros_ws/install/setup.sh'
[12.322s] INFO:colcon.colcon_core.shell:Creating prefix script '/gobilda_sim/ros_ws/install/local_setup.bash'
[12.346s] INFO:colcon.colcon_core.shell:Creating prefix chain script '/gobilda_sim/ros_ws/install/setup.bash'
[12.433s] INFO:colcon.colcon_core.shell:Creating prefix script '/gobilda_sim/ros_ws/install/local_setup.zsh'
[12.526s] INFO:colcon.colcon_core.shell:Creating prefix chain script '/gobilda_sim/ros_ws/install/setup.zsh'
